25/06/2021 08:58:34	This log contains information about the import schema operation into project 'Blog.Database' on computer 'DESKTOP-EJSJ1VI' by user 'Jithin'.
25/06/2021 08:58:34	Import of database schema has started.
25/06/2021 08:58:39	Gathering database credentials
25/06/2021 08:58:39	Gathering database options
25/06/2021 08:58:39	Gathering generic database scoped configuration option
25/06/2021 08:58:39	Gathering users
25/06/2021 08:58:39	Gathering roles
25/06/2021 08:58:39	Gathering application roles
25/06/2021 08:58:39	Gathering role memberships
25/06/2021 08:58:39	Gathering filegroups
25/06/2021 08:58:39	Gathering full-text catalogs
25/06/2021 08:58:39	Gathering assemblies
25/06/2021 08:58:39	Gathering certificates
25/06/2021 08:58:39	Gathering asymmetric keys
25/06/2021 08:58:39	Gathering symmetric keys
25/06/2021 08:58:39	Gathering encrypted symmetric keys
25/06/2021 08:58:39	Gathering schemas
25/06/2021 08:58:39	Gathering XML schema collections
25/06/2021 08:58:39	Gathering user-defined data types
25/06/2021 08:58:39	Gathering user-defined types
25/06/2021 08:58:39	Gathering table types
25/06/2021 08:58:39	Gathering unique keys for table types
25/06/2021 08:58:39	Gathering primary keys for table types
25/06/2021 08:58:39	Gathering indexes for table types
25/06/2021 08:58:39	Gathering check constraints for table types
25/06/2021 08:58:39	Gathering default constraints for table types
25/06/2021 08:58:39	Gathering partition functions
25/06/2021 08:58:39	Gathering partition schemes
25/06/2021 08:58:39	Gathering functions
25/06/2021 08:58:39	Gathering encrypted functions
25/06/2021 08:58:39	Gathering aggregates
25/06/2021 08:58:39	Gathering procedures
25/06/2021 08:58:39	Gathering encrypted procedures
25/06/2021 08:58:39	Gathering tables
25/06/2021 08:58:39	Gathering primary keys
25/06/2021 08:58:39	Gathering unique constraints
25/06/2021 08:58:39	Gathering foreign keys
25/06/2021 08:58:39	Gathering default constraints
25/06/2021 08:58:39	Gathering check constraints
25/06/2021 08:58:39	Gathering views
25/06/2021 08:58:39	Gathering encrypted views
25/06/2021 08:58:39	Gathering indexes
25/06/2021 08:58:39	Gathering statistics
25/06/2021 08:58:39	Gathering full-text index stoplists
25/06/2021 08:58:39	Gathering search property lists
25/06/2021 08:58:39	Gathering search properties
25/06/2021 08:58:39	Gathering full-text indexes
25/06/2021 08:58:39	Gathering column store indexes
25/06/2021 08:58:39	Gathering spatial indexes
25/06/2021 08:58:39	Gathering XML indexes
25/06/2021 08:58:39	Gathering Selective XML indexes
25/06/2021 08:58:39	Gathering encrypted triggers
25/06/2021 08:58:39	Gathering triggers
25/06/2021 08:58:39	Gathering encrypted and clr ddl triggers
25/06/2021 08:58:39	Gathering ddl triggers
25/06/2021 08:58:39	Creating edge constraints
25/06/2021 08:58:39	Gathering synonyms
25/06/2021 08:58:39	Gathering defaults
25/06/2021 08:58:39	Gathering data constraint uddt bindings
25/06/2021 08:58:39	Gathering rules
25/06/2021 08:58:39	Gathering data constraint uddt bindings
25/06/2021 08:58:39	Gathering message types
25/06/2021 08:58:39	Gathering queues
25/06/2021 08:58:39	Gathering contracts
25/06/2021 08:58:39	Gathering services
25/06/2021 08:58:39	Gathering event notifications
25/06/2021 08:58:39	Gathering remote service bindings
25/06/2021 08:58:39	Gathering broker priorities
25/06/2021 08:58:39	Gathering signatures
25/06/2021 08:58:39	Gathering data compression options
25/06/2021 08:58:39	Gathering sequence types
25/06/2021 08:58:39	Gathering security policies
25/06/2021 08:58:39	Gather column encryption keys
25/06/2021 08:58:39	Gathering column master keys
25/06/2021 08:58:39	Gathering external data sources
25/06/2021 08:58:39	Gathering external file formats
25/06/2021 08:58:39	Gathering external tables
25/06/2021 08:58:39	Gathering extended properties
25/06/2021 08:58:39	Gathering credentials
25/06/2021 08:58:39	Gathering logins
25/06/2021 08:58:39	Gathering server audits
25/06/2021 08:58:39	Scanning project for duplicate elements
25/06/2021 08:58:39	Finished duplicate element processing
25/06/2021 08:58:40	Finished importing database.
25/06/2021 08:58:40	A summary of the import was saved to the following location: D:\_GitHub\asp-net-core-web-api-ef-blog\Blog.Database\Blog.Database\Import Schema Logs\Blog.Database_20210625075834.log
25/06/2021 08:58:40	Click Finish to continue...
